# JRE version: OpenJDK Runtime Environment Temurin-25.0.2+10 (25.0.2+10) (build 25.0.2+10-LTS)
# Java VM: OpenJDK 64-Bit Server VM Temurin-25.0.2+10 (25.0.2+10-LTS, mixed mode, sharing, tiered, compressed oops, compressed class ptrs, g1 gc, windows-amd64)
GC Precious Log:
 CardTable entry size: 512
 Card Set container configuration: InlinePtr #cards 5 size 8 Array Of Cards #cards 10 size 36 Howl #buckets 4 coarsen threshold 1843 Howl Bitmap #cards 512 size 80 coarsen threshold 460 Card regions per heap region 1 cards per card region 2048
 CPUs: 4 total, 4 available
 Memory: 3917M
 Large Page Support: Disabled
 NUMA Support: Disabled
 Compressed Oops: Enabled (32-bit)
 Heap Region Size: 1M
 Heap Min Capacity: 8M
 Heap Initial Capacity: 62M
 Heap Max Capacity: 980M
 Pre-touch: Disabled
 Parallel Workers: 4
 Concurrent Workers: 1
 Concurrent Refinement Workers: 4
 Periodic GC: Disabled
Heap:
 garbage-first heap   total reserved 1003520K, committed 61440K, used 47324K [0x00000000c2c00000, 0x0000000100000000)
  region size 1024K, 16 young (16384K), 2 survivors (2048K)
GC Heap Usage History (20 events):
Event: 11.702 {heap Before GC invocations=3 (full 0):
 garbage-first heap   total reserved 1003520K, committed 65536K, used 38359K [0x00000000c2c00000, 0x0000000100000000)
  region size 1024K, 28 young (28672K), 4 survivors (4096K)
}
Event: 11.711 {heap After GC invocations=4 (full 0):
 garbage-first heap   total reserved 1003520K, committed 65536K, used 16532K [0x00000000c2c00000, 0x0000000100000000)
  region size 1024K, 4 young (4096K), 4 survivors (4096K)
}
Event: 13.212 {heap Before GC invocations=5 (full 0):
 garbage-first heap   total reserved 1003520K, committed 61440K, used 45204K [0x00000000c2c00000, 0x0000000100000000)
  region size 1024K, 33 young (33792K), 4 survivors (4096K)
}
Event: 13.224 {heap After GC invocations=6 (full 0):
 garbage-first heap   total reserved 1003520K, committed 61440K, used 19798K [0x00000000c2c00000, 0x0000000100000000)
  region size 1024K, 5 young (5120K), 5 survivors (5120K)
}
Event: 14.792 {heap Before GC invocations=6 (full 0):
 garbage-first heap   total reserved 1003520K, committed 61440K, used 45398K [0x00000000c2c00000, 0x0000000100000000)
  region size 1024K, 30 young (30720K), 5 survivors (5120K)
}
Event: 14.805 {heap After GC invocations=7 (full 0):
 garbage-first heap   total reserved 1003520K, committed 61440K, used 23520K [0x00000000c2c00000, 0x0000000100000000)
  region size 1024K, 4 young (4096K), 4 survivors (4096K)
}
Event: 17.676 {heap Before GC invocations=7 (full 0):
 garbage-first heap   total reserved 1003520K, committed 61440K, used 48096K [0x00000000c2c00000, 0x0000000100000000)
  region size 1024K, 28 young (28672K), 4 survivors (4096K)
}
Event: 17.690 {heap After GC invocations=8 (full 0):
 garbage-first heap   total reserved 1003520K, committed 61440K, used 26166K [0x00000000c2c00000, 0x0000000100000000)
  region size 1024K, 3 young (3072K), 3 survivors (3072K)
}
Event: 18.695 {heap Before GC invocations=8 (full 0):
 garbage-first heap   total reserved 1003520K, committed 61440K, used 33334K [0x00000000c2c00000, 0x0000000100000000)
  region size 1024K, 11 young (11264K), 3 survivors (3072K)
}
Event: 18.704 {heap After GC invocations=9 (full 0):
 garbage-first heap   total reserved 1003520K, committed 61440K, used 26751K [0x00000000c2c00000, 0x0000000100000000)
  region size 1024K, 1 young (1024K), 1 survivors (1024K)
}
Event: 21.711 {heap Before GC invocations=10 (full 0):
 garbage-first heap   total reserved 1003520K, committed 61440K, used 50303K [0x00000000c2c00000, 0x0000000100000000)
  region size 1024K, 24 young (24576K), 1 survivors (1024K)
}
Event: 21.719 {heap After GC invocations=11 (full 0):
 garbage-first heap   total reserved 1003520K, committed 61440K, used 28460K [0x00000000c2c00000, 0x0000000100000000)
  region size 1024K, 3 young (3072K), 3 survivors (3072K)
}
Event: 23.631 {heap Before GC invocations=11 (full 0):
 garbage-first heap   total reserved 1003520K, committed 61440K, used 50988K [0x00000000c2c00000, 0x0000000100000000)
  region size 1024K, 25 young (25600K), 3 survivors (3072K)
}
Event: 23.643 {heap After GC invocations=12 (full 0):
 garbage-first heap   total reserved 1003520K, committed 61440K, used 30621K [0x00000000c2c00000, 0x0000000100000000)
  region size 1024K, 4 young (4096K), 4 survivors (4096K)
}
Event: 27.637 {heap Before GC invocations=12 (full 0):
 garbage-first heap   total reserved 1003520K, committed 61440K, used 54173K [0x00000000c2c00000, 0x0000000100000000)
  region size 1024K, 27 young (27648K), 4 survivors (4096K)
}
Event: 27.658 {heap After GC invocations=13 (full 0):
 garbage-first heap   total reserved 1003520K, committed 61440K, used 32573K [0x00000000c2c00000, 0x0000000100000000)
  region size 1024K, 4 young (4096K), 4 survivors (4096K)
}
Event: 29.548 {heap Before GC invocations=13 (full 0):
 garbage-first heap   total reserved 1003520K, committed 61440K, used 44861K [0x00000000c2c00000, 0x0000000100000000)
  region size 1024K, 17 young (17408K), 4 survivors (4096K)
}
Event: 29.562 {heap After GC invocations=14 (full 0):
 garbage-first heap   total reserved 1003520K, committed 61440K, used 33177K [0x00000000c2c00000, 0x0000000100000000)
  region size 1024K, 3 young (3072K), 3 survivors (3072K)
}
Event: 31.933 {heap Before GC invocations=15 (full 0):
 garbage-first heap   total reserved 1003520K, committed 61440K, used 53657K [0x00000000c2c00000, 0x0000000100000000)
  region size 1024K, 24 young (24576K), 3 survivors (3072K)
}
Event: 31.946 {heap After GC invocations=16 (full 0):
 garbage-first heap   total reserved 1003520K, committed 61440K, used 34012K [0x00000000c2c00000, 0x0000000100000000)
  region size 1024K, 2 young (2048K), 2 survivors (2048K)
}

